<?xml version="1.0" encoding="UTF-8"?>
<!-- Generated by org.testng.reporters.JUnitReportReporter -->
<testsuite skipped="0" hostname="IMA-PC" name="myfinance.FixedInvoiceGenerationFor2000" tests="6" failures="0" timestamp="13 Dec 2017 06:35:39 GMT" time="249.782" errors="0">
  <testcase name="ScriptName" time="4.008" classname="myfinance.FixedInvoiceGenerationFor2000"/>
  <testcase name="Login" time="38.167" classname="myfinance.FixedInvoiceGenerationFor2000"/>
  <testcase name="tax" time="62.051" classname="myfinance.FixedInvoiceGenerationFor2000"/>
  <testcase name="GenerateFixedInvoice" time="145.420" classname="myfinance.FixedInvoiceGenerationFor2000"/>
  <testcase name="writeVoucherno" time="0.129" classname="myfinance.FixedInvoiceGenerationFor2000"/>
  <testcase name="ManualChecking" time="0.007" classname="myfinance.FixedInvoiceGenerationFor2000"/>
</testsuite> <!-- myfinance.FixedInvoiceGenerationFor2000 -->
