<?xml version="1.0" encoding="UTF-8"?>
<!-- Generated by org.testng.reporters.JUnitReportReporter -->
<testsuite hostname="ItsmyAccount-PC" name="dashboard.Carparkinglots" tests="4" failures="0" timestamp="6 Nov 2017 06:46:57 GMT" time="96.379" errors="0">
  <testcase name="Results" time="0.001" classname="dashboard.Carparkinglots"/>
  <testcase name="CarParkingLotsMemberDetails" time="59.407" classname="dashboard.Carparkinglots"/>
  <testcase name="SelectCarRentSpaceInProfile" time="13.157" classname="dashboard.Carparkinglots"/>
  <testcase name="Login" time="23.814" classname="dashboard.Carparkinglots"/>
</testsuite> <!-- dashboard.Carparkinglots -->
