<?xml version="1.0" encoding="UTF-8"?>
<!-- Generated by org.testng.reporters.JUnitReportReporter -->
<testsuite skipped="0" hostname="IMA-PC" name="myfinance.ManualPostingInFinanceVouchersThroughExcel" tests="4" failures="0" timestamp="10 Dec 2017 10:36:26 GMT" time="173.889" errors="0">
  <testcase name="Scriptname" time="4.010" classname="myfinance.ManualPostingInFinanceVouchersThroughExcel"/>
  <testcase name="Login" time="40.251" classname="myfinance.ManualPostingInFinanceVouchersThroughExcel"/>
  <testcase name="Manualposting" time="129.625" classname="myfinance.ManualPostingInFinanceVouchersThroughExcel"/>
  <testcase name="ManualChecking" time="0.003" classname="myfinance.ManualPostingInFinanceVouchersThroughExcel"/>
</testsuite> <!-- myfinance.ManualPostingInFinanceVouchersThroughExcel -->
