<?xml version="1.0" encoding="UTF-8"?>
<!-- Generated by org.testng.reporters.JUnitReportReporter -->
<testsuite skipped="0" hostname="IMA-PC" name="myfinance.VariableInvoiceGenerationWithExcelUpload" tests="7" failures="0" timestamp="11 Dec 2017 09:07:24 GMT" time="298.435" errors="0">
  <testcase name="ScriptName" time="4.008" classname="myfinance.VariableInvoiceGenerationWithExcelUpload"/>
  <testcase name="Login" time="41.672" classname="myfinance.VariableInvoiceGenerationWithExcelUpload"/>
  <testcase name="Tax" time="33.844" classname="myfinance.VariableInvoiceGenerationWithExcelUpload"/>
  <testcase name="log" time="35.444" classname="myfinance.VariableInvoiceGenerationWithExcelUpload"/>
  <testcase name="Variable" time="183.309" classname="myfinance.VariableInvoiceGenerationWithExcelUpload"/>
  <testcase name="writeVoucherno" time="0.156" classname="myfinance.VariableInvoiceGenerationWithExcelUpload"/>
  <testcase name="ManualChecking" time="0.002" classname="myfinance.VariableInvoiceGenerationWithExcelUpload"/>
</testsuite> <!-- myfinance.VariableInvoiceGenerationWithExcelUpload -->
