<?xml version="1.0" encoding="UTF-8"?>
<!-- Generated by org.testng.reporters.JUnitReportReporter -->
<testsuite skipped="0" hostname="IMA-PC" name="myfinance.FacilityBookingFor1000" tests="7" failures="0" timestamp="10 Dec 2017 08:44:19 GMT" time="355.739" errors="0">
  <testcase name="ScriptName" time="4.011" classname="myfinance.FacilityBookingFor1000"/>
  <testcase name="Login" time="41.897" classname="myfinance.FacilityBookingFor1000"/>
  <testcase name="AddFacility1" time="92.669" classname="myfinance.FacilityBookingFor1000"/>
  <testcase name="Bookfacility" time="122.841" classname="myfinance.FacilityBookingFor1000"/>
  <testcase name="FIGvoucherno" time="94.193" classname="myfinance.FacilityBookingFor1000"/>
  <testcase name="writeVoucherno" time="0.127" classname="myfinance.FacilityBookingFor1000"/>
  <testcase name="ManualChecking" time="0.001" classname="myfinance.FacilityBookingFor1000"/>
</testsuite> <!-- myfinance.FacilityBookingFor1000 -->
