<?xml version="1.0" encoding="UTF-8"?>
<!-- Generated by org.testng.reporters.JUnitReportReporter -->
<testsuite skipped="0" hostname="IMA-PC" name="myfinance.BookingFacilityFor4500" tests="7" failures="0" timestamp="13 Dec 2017 05:47:55 GMT" time="337.630" errors="0">
  <testcase name="ScriptName" time="0.008" classname="myfinance.BookingFacilityFor4500"/>
  <testcase name="Login" time="39.540" classname="myfinance.BookingFacilityFor4500"/>
  <testcase name="AddFacility" time="96.465" classname="myfinance.BookingFacilityFor4500"/>
  <testcase name="Bookfacility" time="113.788" classname="myfinance.BookingFacilityFor4500"/>
  <testcase name="FIGvoucherno" time="87.606" classname="myfinance.BookingFacilityFor4500"/>
  <testcase name="writeVoucherno" time="0.221" classname="myfinance.BookingFacilityFor4500"/>
  <testcase name="ManualChecking" time="0.002" classname="myfinance.BookingFacilityFor4500"/>
</testsuite> <!-- myfinance.BookingFacilityFor4500 -->
