<?xml version="1.0" encoding="UTF-8"?>
<!-- Generated by org.testng.reporters.JUnitReportReporter -->
<testsuite hostname="ItsmyAccount-PC" name="dashboard.CreateComplaintByNonMember" tests="4" failures="0" timestamp="6 Nov 2017 08:49:15 GMT" time="181.993" errors="0">
  <testcase name="AddComplaints" time="84.403" classname="dashboard.CreateComplaintByNonMember"/>
  <testcase name="Login" time="23.952" classname="dashboard.CreateComplaintByNonMember"/>
  <testcase name="EditAndDeleteComplaint" time="73.635" classname="dashboard.CreateComplaintByNonMember"/>
  <testcase name="Results" time="0.003" classname="dashboard.CreateComplaintByNonMember"/>
</testsuite> <!-- dashboard.CreateComplaintByNonMember -->
