<?xml version="1.0" encoding="UTF-8"?>
<!-- Generated by org.testng.reporters.JUnitReportReporter -->
<testsuite skipped="0" hostname="IMA-PC" name="myfinance.AdvanceReversalSimulationstep14" tests="2" failures="0" timestamp="11 Dec 2017 11:58:09 GMT" time="82.177" errors="0">
  <testcase name="Login" time="43.770" classname="myfinance.AdvanceReversalSimulationstep14"/>
  <testcase name="advance" time="38.407" classname="myfinance.AdvanceReversalSimulationstep14"/>
</testsuite> <!-- myfinance.AdvanceReversalSimulationstep14 -->
