<?xml version="1.0" encoding="UTF-8"?>
<!-- Generated by org.testng.reporters.JUnitReportReporter -->
<testsuite hostname="ItsmyAccount-PC" name="dashboard.MemberCommiteeMembers" tests="4" failures="0" timestamp="3 Nov 2017 09:07:07 GMT" time="126.747" errors="0">
  <testcase name="ComiteeMebers" time="39.995" classname="dashboard.MemberCommiteeMembers"/>
  <testcase name="Export" time="8.814" classname="dashboard.MemberCommiteeMembers"/>
  <testcase name="Search" time="63.177" classname="dashboard.MemberCommiteeMembers"/>
  <testcase name="Login" time="14.761" classname="dashboard.MemberCommiteeMembers"/>
</testsuite> <!-- dashboard.MemberCommiteeMembers -->
