<?xml version="1.0" encoding="UTF-8"?>
<!-- Generated by org.testng.reporters.JUnitReportReporter -->
<testsuite skipped="0" hostname="IMA-PC" name="myfinance.ManualPostingInFinanceVouchersWithBlockAndApartmentNumber" tests="4" failures="0" timestamp="10 Dec 2017 10:51:39 GMT" time="205.973" errors="0">
  <testcase name="Scriptname" time="4.008" classname="myfinance.ManualPostingInFinanceVouchersWithBlockAndApartmentNumber"/>
  <testcase name="Login" time="40.434" classname="myfinance.ManualPostingInFinanceVouchersWithBlockAndApartmentNumber"/>
  <testcase name="ManualpostingWarning" time="161.528" classname="myfinance.ManualPostingInFinanceVouchersWithBlockAndApartmentNumber"/>
  <testcase name="ManualChecking" time="0.003" classname="myfinance.ManualPostingInFinanceVouchersWithBlockAndApartmentNumber"/>
</testsuite> <!-- myfinance.ManualPostingInFinanceVouchersWithBlockAndApartmentNumber -->
