<?xml version="1.0" encoding="UTF-8"?>
<!-- Generated by org.testng.reporters.JUnitReportReporter -->
<testsuite hostname="ItsmyAccount-PC" name="dashboard.AdminAddEditDeletecomplaints" tests="4" failures="0" timestamp="6 Nov 2017 08:19:22 GMT" time="183.506" errors="0">
  <testcase name="EditAndDeleteComplaint" time="71.260" classname="dashboard.AdminAddEditDeletecomplaints"/>
  <testcase name="Results" time="0.002" classname="dashboard.AdminAddEditDeletecomplaints"/>
  <testcase name="Login" time="24.996" classname="dashboard.AdminAddEditDeletecomplaints"/>
  <testcase name="AddComplaints" time="87.248" classname="dashboard.AdminAddEditDeletecomplaints"/>
</testsuite> <!-- dashboard.AdminAddEditDeletecomplaints -->
