<?xml version="1.0" encoding="UTF-8"?>
<!-- Generated by org.testng.reporters.JUnitReportReporter -->
<testsuite hostname="ItsmyAccount-PC" name="dashboard.AdminSocietydocuments" tests="5" failures="0" timestamp="6 Nov 2017 08:55:34 GMT" time="96.810" errors="0">
  <testcase name="Results" time="0.001" classname="dashboard.AdminSocietydocuments"/>
  <testcase name="EditDocument" time="29.620" classname="dashboard.AdminSocietydocuments"/>
  <testcase name="DeleteDocument" time="12.449" classname="dashboard.AdminSocietydocuments"/>
  <testcase name="AddDocument" time="39.217" classname="dashboard.AdminSocietydocuments"/>
  <testcase name="Login" time="15.523" classname="dashboard.AdminSocietydocuments"/>
</testsuite> <!-- dashboard.AdminSocietydocuments -->
