<?xml version="1.0" encoding="UTF-8"?>
<!-- Generated by org.testng.reporters.JUnitReportReporter -->
<testsuite hostname="ItsmyAccount-PC" name="dashboard.AdminSocietyAssetWithServiceCompletionDate" tests="3" failures="0" timestamp="6 Nov 2017 07:42:28 GMT" time="160.542" errors="0">
  <testcase name="Login" time="22.142" classname="dashboard.AdminSocietyAssetWithServiceCompletionDate"/>
  <testcase name="AddAssestForFillinfServiceCompletionDate" time="138.398" classname="dashboard.AdminSocietyAssetWithServiceCompletionDate"/>
  <testcase name="Results" time="0.002" classname="dashboard.AdminSocietyAssetWithServiceCompletionDate"/>
</testsuite> <!-- dashboard.AdminSocietyAssetWithServiceCompletionDate -->
