<?xml version="1.0" encoding="UTF-8"?>
<!-- Generated by org.testng.reporters.JUnitReportReporter -->
<testsuite skipped="0" hostname="IMA-PC" name="myfinance.Step7simulationTocheckForAdvancePayments" tests="2" failures="0" timestamp="11 Dec 2017 10:30:16 GMT" time="94.475" errors="0">
  <testcase name="Login" time="39.364" classname="myfinance.Step7simulationTocheckForAdvancePayments"/>
  <testcase name="AdvancepaymentSimulation" time="55.111" classname="myfinance.Step7simulationTocheckForAdvancePayments"/>
</testsuite> <!-- myfinance.Step7simulationTocheckForAdvancePayments -->
