<?xml version="1.0" encoding="UTF-8"?>
<!-- Generated by org.testng.reporters.JUnitReportReporter -->
<testsuite skipped="0" hostname="IMA-PC" name="myfinance.FixedMaintainanceInvoiceGenerationwithExcelUpload" tests="5" failures="0" timestamp="13 Dec 2017 06:04:19 GMT" time="216.788" errors="0">
  <testcase name="ScriptName" time="4.008" classname="myfinance.FixedMaintainanceInvoiceGenerationwithExcelUpload"/>
  <testcase name="Login" time="40.371" classname="myfinance.FixedMaintainanceInvoiceGenerationwithExcelUpload"/>
  <testcase name="FixedInvoiceGenerationWithDates" time="168.225" classname="myfinance.FixedMaintainanceInvoiceGenerationwithExcelUpload"/>
  <testcase name="writeVoucherno" time="0.182" classname="myfinance.FixedMaintainanceInvoiceGenerationwithExcelUpload"/>
  <testcase name="ManualChecking" time="4.002" classname="myfinance.FixedMaintainanceInvoiceGenerationwithExcelUpload"/>
</testsuite> <!-- myfinance.FixedMaintainanceInvoiceGenerationwithExcelUpload -->
