<?xml version="1.0" encoding="UTF-8"?>
<!-- Generated by org.testng.reporters.JUnitReportReporter -->
<testsuite hostname="ItsmyAccount-PC" name="dashboard.Noticeboard" tests="4" failures="0" timestamp="6 Nov 2017 05:44:14 GMT" time="251.631" errors="0">
  <testcase name="login" time="20.654" classname="dashboard.Noticeboard"/>
  <testcase name="EditMessageInNoticeBoard" time="78.344" classname="dashboard.Noticeboard"/>
  <testcase name="DeleteMessageInNoticeBoard" time="84.086" classname="dashboard.Noticeboard"/>
  <testcase name="AddMessageToNoticeBoard" time="68.547" classname="dashboard.Noticeboard"/>
</testsuite> <!-- dashboard.Noticeboard -->
