<?xml version="1.0" encoding="UTF-8"?>
<!-- Generated by org.testng.reporters.JUnitReportReporter -->
<testsuite skipped="0" hostname="IMA-PC" name="myfinance.AdvancePaymentForMaintainance" tests="5" failures="0" timestamp="11 Dec 2017 11:55:49 GMT" time="170.365" errors="0">
  <testcase name="ScriptName" time="0.013" classname="myfinance.AdvancePaymentForMaintainance"/>
  <testcase name="Login" time="42.741" classname="myfinance.AdvancePaymentForMaintainance"/>
  <testcase name="advance" time="127.469" classname="myfinance.AdvancePaymentForMaintainance"/>
  <testcase name="writeVoucherno" time="0.136" classname="myfinance.AdvancePaymentForMaintainance"/>
  <testcase name="ManualChecking" time="0.006" classname="myfinance.AdvancePaymentForMaintainance"/>
</testsuite> <!-- myfinance.AdvancePaymentForMaintainance -->
