<?xml version="1.0" encoding="UTF-8"?>
<!-- Generated by org.testng.reporters.JUnitReportReporter -->
<testsuite hostname="ItsmyAccount-PC" name="dashboard.AdminProfile" tests="2" failures="0" timestamp="6 Nov 2017 06:12:08 GMT" time="98.057" errors="0">
  <testcase name="Results" time="0.001" classname="dashboard.AdminProfile"/>
  <testcase name="SmsSubscription" time="98.056" classname="dashboard.AdminProfile"/>
</testsuite> <!-- dashboard.AdminProfile -->
