<?xml version="1.0" encoding="UTF-8"?>
<!-- Generated by org.testng.reporters.JUnitReportReporter -->
<testsuite skipped="0" hostname="IMA-PC" name="myfinance.VariableInvoiceGeneration" tests="6" failures="0" timestamp="11 Dec 2017 10:11:59 GMT" time="372.488" errors="0">
  <testcase name="ScriptName" time="4.010" classname="myfinance.VariableInvoiceGeneration"/>
  <testcase name="Login" time="41.257" classname="myfinance.VariableInvoiceGeneration"/>
  <testcase name="Variable" time="139.177" classname="myfinance.VariableInvoiceGeneration"/>
  <testcase name="Variablenegative" time="65.952" classname="myfinance.VariableInvoiceGeneration"/>
  <testcase name="PaymentForVariable" time="118.091" classname="myfinance.VariableInvoiceGeneration"/>
  <testcase name="ManualChecking" time="4.001" classname="myfinance.VariableInvoiceGeneration"/>
</testsuite> <!-- myfinance.VariableInvoiceGeneration -->
