<?xml version="1.0" encoding="UTF-8"?>
<!-- Generated by org.testng.reporters.JUnitReportReporter -->
<testsuite skipped="0" hostname="IMA-PC" name="myfinance.Ledger" tests="2" failures="0" timestamp="11 Dec 2017 07:19:47 GMT" time="88.102" errors="0">
  <testcase name="Login" time="40.323" classname="myfinance.Ledger"/>
  <testcase name="ledger" time="47.779" classname="myfinance.Ledger"/>
</testsuite> <!-- myfinance.Ledger -->
