<?xml version="1.0" encoding="UTF-8"?>
<!-- Generated by org.testng.reporters.JUnitReportReporter -->
<testsuite skipped="0" hostname="IMA-PC" name="dashboard.AdminCommiteeMembers" tests="4" failures="0" timestamp="11 Dec 2017 11:52:00 GMT" time="128.761" errors="0">
  <testcase name="Login" time="20.682" classname="dashboard.AdminCommiteeMembers"/>
  <testcase name="ComiteeMebers" time="38.089" classname="dashboard.AdminCommiteeMembers"/>
  <testcase name="Search" time="59.143" classname="dashboard.AdminCommiteeMembers"/>
  <testcase name="Export" time="10.847" classname="dashboard.AdminCommiteeMembers"/>
</testsuite> <!-- dashboard.AdminCommiteeMembers -->
