<?xml version="1.0" encoding="UTF-8"?>
<!-- Generated by org.testng.reporters.JUnitReportReporter -->
<testsuite hostname="ItsmyAccount-PC" name="dashboard.ShowEventsInSocietyMeetingCalendar" tests="2" failures="0" timestamp="6 Nov 2017 07:24:09 GMT" time="47.948" errors="0">
  <testcase name="ShowEvent" time="27.676" classname="dashboard.ShowEventsInSocietyMeetingCalendar"/>
  <testcase name="Login" time="20.272" classname="dashboard.ShowEventsInSocietyMeetingCalendar"/>
</testsuite> <!-- dashboard.ShowEventsInSocietyMeetingCalendar -->
