<?xml version="1.0" encoding="UTF-8"?>
<!-- Generated by org.testng.reporters.JUnitReportReporter -->
<testsuite skipped="0" hostname="IMA-PC" name="myfinance.AdvancePaymentForfacility1000" tests="5" failures="0" timestamp="11 Dec 2017 12:04:34 GMT" time="165.849" errors="0">
  <testcase name="ScriptName" time="0.011" classname="myfinance.AdvancePaymentForfacility1000"/>
  <testcase name="Login" time="41.746" classname="myfinance.AdvancePaymentForfacility1000"/>
  <testcase name="advance" time="123.956" classname="myfinance.AdvancePaymentForfacility1000"/>
  <testcase name="writeVoucherno" time="0.135" classname="myfinance.AdvancePaymentForfacility1000"/>
  <testcase name="ManualChecking" time="0.001" classname="myfinance.AdvancePaymentForfacility1000"/>
</testsuite> <!-- myfinance.AdvancePaymentForfacility1000 -->
