<?xml version="1.0" encoding="UTF-8"?>
<!-- Generated by org.testng.reporters.JUnitReportReporter -->
<testsuite hostname="ItsmyAccount-PC" name="dashboard.Managerole" tests="4" failures="0" timestamp="6 Nov 2017 04:41:05 GMT" time="253.019" errors="0">
  <testcase name="EditRole" time="55.433" classname="dashboard.Managerole"/>
  <testcase name="DeleteRole" time="42.270" classname="dashboard.Managerole"/>
  <testcase name="AddRole" time="80.798" classname="dashboard.Managerole"/>
  <testcase name="AddNewRole" time="74.518" classname="dashboard.Managerole"/>
</testsuite> <!-- dashboard.Managerole -->
