<?xml version="1.0" encoding="UTF-8"?>
<!-- Generated by org.testng.reporters.JUnitReportReporter -->
<testsuite hostname="ItsmyAccount-PC" name="dashboard.RoleAvailabilityCheckingInManageMembers" tests="3" failures="0" timestamp="6 Nov 2017 04:43:35 GMT" time="111.098" errors="0">
  <testcase name="DeleteRoleAfterAssignToMember" time="55.394" classname="dashboard.RoleAvailabilityCheckingInManageMembers"/>
  <testcase name="RoleAvailability" time="30.229" classname="dashboard.RoleAvailabilityCheckingInManageMembers"/>
  <testcase name="Login" time="25.475" classname="dashboard.RoleAvailabilityCheckingInManageMembers"/>
</testsuite> <!-- dashboard.RoleAvailabilityCheckingInManageMembers -->
