<?xml version="1.0" encoding="UTF-8"?>
<!-- Generated by org.testng.reporters.JUnitReportReporter -->
<testsuite hostname="ItsmyAccount-PC" name="dashboard.MemberSocietyMeetingCalendar" tests="2" failures="0" timestamp="6 Nov 2017 07:25:50 GMT" time="66.912" errors="0">
  <testcase name="WithoutSmsAndEnableEmail" time="42.175" classname="dashboard.MemberSocietyMeetingCalendar"/>
  <testcase name="Login" time="24.737" classname="dashboard.MemberSocietyMeetingCalendar"/>
</testsuite> <!-- dashboard.MemberSocietyMeetingCalendar -->
