<?xml version="1.0" encoding="UTF-8"?>
<!-- Generated by org.testng.reporters.JUnitReportReporter -->
<testsuite skipped="0" hostname="IMA-PC" name="myfinance.PartialPaymentForFixedInvoice2000" tests="4" failures="0" timestamp="13 Dec 2017 06:48:02 GMT" time="165.522" errors="0">
  <testcase name="ScriptName" time="4.012" classname="myfinance.PartialPaymentForFixedInvoice2000"/>
  <testcase name="Login" time="45.593" classname="myfinance.PartialPaymentForFixedInvoice2000"/>
  <testcase name="PartialPayment" time="115.914" classname="myfinance.PartialPaymentForFixedInvoice2000"/>
  <testcase name="ManualChecking" time="0.003" classname="myfinance.PartialPaymentForFixedInvoice2000"/>
</testsuite> <!-- myfinance.PartialPaymentForFixedInvoice2000 -->
