<?xml version="1.0" encoding="UTF-8"?>
<!-- Generated by org.testng.reporters.JUnitReportReporter -->
<testsuite skipped="0" hostname="IMA-PC" name="myfinance.DeleteMemberGL" tests="2" failures="0" timestamp="10 Dec 2017 10:57:28 GMT" time="66.620" errors="0">
  <testcase name="Login" time="40.603" classname="myfinance.DeleteMemberGL"/>
  <testcase name="memberGL" time="26.017" classname="myfinance.DeleteMemberGL"/>
</testsuite> <!-- myfinance.DeleteMemberGL -->
