<?xml version="1.0" encoding="UTF-8"?>
<!-- Generated by org.testng.reporters.JUnitReportReporter -->
<testsuite hostname="ItsmyAccount-PC" name="dashboard.ManageNonMembers" tests="7" failures="0" timestamp="6 Nov 2017 04:50:29 GMT" time="373.043" errors="0">
  <testcase name="AddNonMember" time="66.955" classname="dashboard.ManageNonMembers"/>
  <testcase name="LoginWithNewDetails" time="39.234" classname="dashboard.ManageNonMembers"/>
  <testcase name="Export" time="31.008" classname="dashboard.ManageNonMembers"/>
  <testcase name="EditNonMember" time="72.312" classname="dashboard.ManageNonMembers"/>
  <testcase name="Login" time="21.562" classname="dashboard.ManageNonMembers"/>
  <testcase name="DeleteNonMember" time="57.003" classname="dashboard.ManageNonMembers"/>
  <testcase name="AddNonMemberAfterDelete" time="84.969" classname="dashboard.ManageNonMembers"/>
</testsuite> <!-- dashboard.ManageNonMembers -->
