<?xml version="1.0" encoding="UTF-8"?>
<!-- Generated by org.testng.reporters.JUnitReportReporter -->
<testsuite hostname="ItsmyAccount-PC" name="dashboard.AdminSocietyinventoryMigratedItems" tests="4" failures="0" timestamp="6 Nov 2017 07:59:16 GMT" time="139.409" errors="0">
  <testcase name="Login" time="22.637" classname="dashboard.AdminSocietyinventoryMigratedItems"/>
  <testcase name="Results" time="0.003" classname="dashboard.AdminSocietyinventoryMigratedItems"/>
  <testcase name="Export" time="21.556" classname="dashboard.AdminSocietyinventoryMigratedItems"/>
  <testcase name="MigratedItems" time="95.213" classname="dashboard.AdminSocietyinventoryMigratedItems"/>
</testsuite> <!-- dashboard.AdminSocietyinventoryMigratedItems -->
