<?xml version="1.0" encoding="UTF-8"?>
<!-- Generated by org.testng.reporters.JUnitReportReporter -->
<testsuite hostname="ItsmyAccount-PC" name="dashboard.MemberPostagecourierregistor" tests="4" failures="0" timestamp="6 Nov 2017 07:14:09 GMT" time="74.850" errors="0">
  <testcase name="Export" time="17.980" classname="dashboard.MemberPostagecourierregistor"/>
  <testcase name="DataInPostageAndCourierList" time="34.914" classname="dashboard.MemberPostagecourierregistor"/>
  <testcase name="PostageAndCourier" time="21.954" classname="dashboard.MemberPostagecourierregistor"/>
  <testcase name="Results" time="0.002" classname="dashboard.MemberPostagecourierregistor"/>
</testsuite> <!-- dashboard.MemberPostagecourierregistor -->
