<?xml version="1.0" encoding="UTF-8"?>
<!-- Generated by org.testng.reporters.JUnitReportReporter -->
<testsuite hostname="ItsmyAccount-PC" name="dashboard.AdminSocietyMeetingCalanderWithSms" tests="5" failures="0" timestamp="6 Nov 2017 07:22:34 GMT" time="191.708" errors="0">
  <testcase name="WithSmsAndEnableEmail" time="70.956" classname="dashboard.AdminSocietyMeetingCalanderWithSms"/>
  <testcase name="Results" time="0.001" classname="dashboard.AdminSocietyMeetingCalanderWithSms"/>
  <testcase name="Login" time="19.295" classname="dashboard.AdminSocietyMeetingCalanderWithSms"/>
  <testcase name="MeetingCancel" time="43.438" classname="dashboard.AdminSocietyMeetingCalanderWithSms"/>
  <testcase name="BookingWithSameDetailsWithSms" time="58.018" classname="dashboard.AdminSocietyMeetingCalanderWithSms"/>
</testsuite> <!-- dashboard.AdminSocietyMeetingCalanderWithSms -->
