<?xml version="1.0" encoding="UTF-8"?>
<!-- Generated by org.testng.reporters.JUnitReportReporter -->
<testsuite skipped="0" hostname="IMA-PC" name="myfinance.BookingFacilityFor1000_01" tests="10" failures="0" timestamp="11 Dec 2017 09:19:53 GMT" time="460.374" errors="0">
  <testcase name="ScriptName" time="4.011" classname="myfinance.BookingFacilityFor1000_01"/>
  <testcase name="UserLogin" time="50.413" classname="myfinance.BookingFacilityFor1000_01"/>
  <testcase name="logout" time="8.144" classname="myfinance.BookingFacilityFor1000_01"/>
  <testcase name="Login" time="35.719" classname="myfinance.BookingFacilityFor1000_01"/>
  <testcase name="AddFacility" time="82.354" classname="myfinance.BookingFacilityFor1000_01"/>
  <testcase name="Bookfacility" time="126.009" classname="myfinance.BookingFacilityFor1000_01"/>
  <testcase name="FIGvoucherno" time="96.064" classname="myfinance.BookingFacilityFor1000_01"/>
  <testcase name="MemberReports" time="57.518" classname="myfinance.BookingFacilityFor1000_01"/>
  <testcase name="writeVoucherno" time="0.140" classname="myfinance.BookingFacilityFor1000_01"/>
  <testcase name="ManualChecking" time="0.002" classname="myfinance.BookingFacilityFor1000_01"/>
</testsuite> <!-- myfinance.BookingFacilityFor1000_01 -->
