<?xml version="1.0" encoding="UTF-8"?>
<!-- Generated by org.testng.reporters.JUnitReportReporter -->
<testsuite skipped="0" hostname="IMA-PC" name="myfinance.ReversalFunctionTestingSimulationstep10" tests="2" failures="0" timestamp="11 Dec 2017 10:37:43 GMT" time="92.787" errors="0">
  <testcase name="Login" time="38.891" classname="myfinance.ReversalFunctionTestingSimulationstep10"/>
  <testcase name="simulate" time="53.896" classname="myfinance.ReversalFunctionTestingSimulationstep10"/>
</testsuite> <!-- myfinance.ReversalFunctionTestingSimulationstep10 -->
