<?xml version="1.0" encoding="UTF-8"?>
<!-- Generated by org.testng.reporters.JUnitReportReporter -->
<testsuite hostname="ItsmyAccount-PC" name="dashboard.MemberMyResidents" tests="2" failures="0" timestamp="3 Nov 2017 08:54:52 GMT" time="62.221" errors="0">
  <testcase name="SendSMS" time="36.126" classname="dashboard.MemberMyResidents"/>
  <testcase name="Login" time="26.095" classname="dashboard.MemberMyResidents"/>
</testsuite> <!-- dashboard.MemberMyResidents -->
