<?xml version="1.0" encoding="UTF-8"?>
<!-- Generated by org.testng.reporters.JUnitReportReporter -->
<testsuite hostname="ItsmyAccount-PC" name="IntegrationWithBiometric.AdminVacantcarparking" tests="7" failures="0" timestamp="22 Nov 2017 11:00:00 GMT" time="240.481" errors="0">
  <testcase name="AddOneMoreRecord" time="38.191" classname="IntegrationWithBiometric.AdminVacantcarparking"/>
  <testcase name="AnyTextSearchAndExport" time="54.496" classname="IntegrationWithBiometric.AdminVacantcarparking"/>
  <testcase name="Results" time="0.002" classname="IntegrationWithBiometric.AdminVacantcarparking"/>
  <testcase name="EditAndDelete" time="55.572" classname="IntegrationWithBiometric.AdminVacantcarparking"/>
  <testcase name="Addvacantcarparking" time="41.825" classname="IntegrationWithBiometric.AdminVacantcarparking"/>
  <testcase name="Login" time="12.031" classname="IntegrationWithBiometric.AdminVacantcarparking"/>
  <testcase name="AddRecord" time="38.364" classname="IntegrationWithBiometric.AdminVacantcarparking"/>
</testsuite> <!-- IntegrationWithBiometric.AdminVacantcarparking -->
