<?xml version="1.0" encoding="UTF-8"?>
<!-- Generated by org.testng.reporters.JUnitReportReporter -->
<testsuite hostname="ItsmyAccount-PC" name="dashboard.MemberAttendanceregistor" tests="3" failures="0" timestamp="3 Nov 2017 10:50:10 GMT" time="35.080" errors="0">
  <testcase name="Export" time="8.675" classname="dashboard.MemberAttendanceregistor"/>
  <testcase name="Results" time="0.007" classname="dashboard.MemberAttendanceregistor"/>
  <testcase name="AttendanceRegistor" time="26.398" classname="dashboard.MemberAttendanceregistor"/>
</testsuite> <!-- dashboard.MemberAttendanceregistor -->
