<?xml version="1.0" encoding="UTF-8"?>
<!-- Generated by org.testng.reporters.JUnitReportReporter -->
<testsuite hostname="ItsmyAccount-PC" name="dashboard.AdminContactIMAHelpDesk" tests="3" failures="0" timestamp="6 Nov 2017 06:16:52 GMT" time="94.119" errors="0">
  <testcase name="login" time="12.157" classname="dashboard.AdminContactIMAHelpDesk"/>
  <testcase name="SendMailWithoutAttachMent" time="40.415" classname="dashboard.AdminContactIMAHelpDesk"/>
  <testcase name="SendMailWithAttachment" time="41.547" classname="dashboard.AdminContactIMAHelpDesk"/>
</testsuite> <!-- dashboard.AdminContactIMAHelpDesk -->
