<?xml version="1.0" encoding="UTF-8"?>
<!-- Generated by org.testng.reporters.JUnitReportReporter -->
<testsuite hostname="ItsmyAccount-PC" name="dashboard.AdminSocietyassestsWithoutServiceCompletionDate" tests="4" failures="0" timestamp="6 Nov 2017 07:39:22 GMT" time="215.865" errors="0">
  <testcase name="Login" time="30.595" classname="dashboard.AdminSocietyassestsWithoutServiceCompletionDate"/>
  <testcase name="Results" time="0.002" classname="dashboard.AdminSocietyassestsWithoutServiceCompletionDate"/>
  <testcase name="AddEditDeleteAssest" time="173.120" classname="dashboard.AdminSocietyassestsWithoutServiceCompletionDate"/>
  <testcase name="Export" time="12.148" classname="dashboard.AdminSocietyassestsWithoutServiceCompletionDate"/>
</testsuite> <!-- dashboard.AdminSocietyassestsWithoutServiceCompletionDate -->
