<?xml version="1.0" encoding="UTF-8"?>
<!-- Generated by org.testng.reporters.JUnitReportReporter -->
<testsuite skipped="0" hostname="IMA-PC" name="myfinance.PartialAndFullPaymentFor2Invoices" tests="4" failures="0" timestamp="10 Dec 2017 09:52:08 GMT" time="124.393" errors="0">
  <testcase name="ScriptName" time="4.012" classname="myfinance.PartialAndFullPaymentFor2Invoices"/>
  <testcase name="Login" time="40.611" classname="myfinance.PartialAndFullPaymentFor2Invoices"/>
  <testcase name="partial" time="79.768" classname="myfinance.PartialAndFullPaymentFor2Invoices"/>
  <testcase name="ManualChecking" time="0.002" classname="myfinance.PartialAndFullPaymentFor2Invoices"/>
</testsuite> <!-- myfinance.PartialAndFullPaymentFor2Invoices -->
