<?xml version="1.0" encoding="UTF-8"?>
<!-- Generated by org.testng.reporters.JUnitReportReporter -->
<testsuite skipped="0" hostname="IMA-PC" name="myfinance.ManualPostingInFinanaceVouchersForNextFinancialYear" tests="4" failures="0" timestamp="10 Dec 2017 11:29:37 GMT" time="178.856" errors="0">
  <testcase name="Scriptname" time="4.009" classname="myfinance.ManualPostingInFinanaceVouchersForNextFinancialYear"/>
  <testcase name="Login" time="44.525" classname="myfinance.ManualPostingInFinanaceVouchersForNextFinancialYear"/>
  <testcase name="ManualVoucherForNexfinancialyear" time="130.320" classname="myfinance.ManualPostingInFinanaceVouchersForNextFinancialYear"/>
  <testcase name="ManualChecking" time="0.002" classname="myfinance.ManualPostingInFinanaceVouchersForNextFinancialYear"/>
</testsuite> <!-- myfinance.ManualPostingInFinanaceVouchersForNextFinancialYear -->
