<?xml version="1.0" encoding="UTF-8"?>
<!-- Generated by org.testng.reporters.JUnitReportReporter -->
<testsuite hostname="ItsmyAccount-PC" name="dashboard.ChangeComplaintStatusToClosed" tests="3" failures="0" timestamp="6 Nov 2017 08:34:46 GMT" time="214.763" errors="0">
  <testcase name="Login" time="24.982" classname="dashboard.ChangeComplaintStatusToClosed"/>
  <testcase name="ChangeStatusOfComplaintToClosed" time="189.779" classname="dashboard.ChangeComplaintStatusToClosed"/>
  <testcase name="Results" time="0.002" classname="dashboard.ChangeComplaintStatusToClosed"/>
</testsuite> <!-- dashboard.ChangeComplaintStatusToClosed -->
