<?xml version="1.0" encoding="UTF-8"?>
<!-- Generated by org.testng.reporters.JUnitReportReporter -->
<testsuite hostname="ItsmyAccount-PC" name="dashboard.MemberPdc" tests="3" failures="0" timestamp="5 Oct 2017 04:51:03 GMT" time="38.746" errors="0">
  <testcase name="MemberPdcInMyAccount" time="11.474" classname="dashboard.MemberPdc"/>
  <testcase name="Results" time="0.003" classname="dashboard.MemberPdc"/>
  <testcase name="Login" time="27.269" classname="dashboard.MemberPdc"/>
</testsuite> <!-- dashboard.MemberPdc -->
