<?xml version="1.0" encoding="UTF-8"?>
<!-- Generated by org.testng.reporters.JUnitReportReporter -->
<testsuite skipped="0" hostname="IMA-PC" name="myfinance.FixedInvoiceWithTax" tests="8" failures="0" timestamp="13 Dec 2017 06:27:29 GMT" time="286.979" errors="0">
  <testcase name="ScriptName" time="4.007" classname="myfinance.FixedInvoiceWithTax"/>
  <testcase name="Login" time="40.686" classname="myfinance.FixedInvoiceWithTax"/>
  <testcase name="Tax" time="17.873" classname="myfinance.FixedInvoiceWithTax"/>
  <testcase name="log" time="35.804" classname="myfinance.FixedInvoiceWithTax"/>
  <testcase name="GenerateFixedInvoiceWithTax" time="158.655" classname="myfinance.FixedInvoiceWithTax"/>
  <testcase name="writeVoucherno" time="0.132" classname="myfinance.FixedInvoiceWithTax"/>
  <testcase name="CheckadvanceClearance" time="29.820" classname="myfinance.FixedInvoiceWithTax"/>
  <testcase name="ManualChecking" time="0.002" classname="myfinance.FixedInvoiceWithTax"/>
</testsuite> <!-- myfinance.FixedInvoiceWithTax -->
