<?xml version="1.0" encoding="UTF-8"?>
<!-- Generated by org.testng.reporters.JUnitReportReporter -->
<testsuite hostname="ItsmyAccount-PC" name="dashboard.practice" tests="1" failures="0" timestamp="3 Dec 2017 05:33:16 GMT" time="13.435" errors="0">
  <testcase name="demo" time="13.435" classname="dashboard.practice"/>
</testsuite> <!-- dashboard.practice -->
