<?xml version="1.0" encoding="UTF-8"?>
<!-- Generated by org.testng.reporters.JUnitReportReporter -->
<testsuite skipped="0" hostname="IMA-PC" name="myfinance.FixedInvoiceGeneration" tests="9" failures="0" timestamp="11 Dec 2017 09:43:41 GMT" time="597.202" errors="0">
  <testcase name="ScriptName" time="4.012" classname="myfinance.FixedInvoiceGeneration"/>
  <testcase name="Login" time="40.800" classname="myfinance.FixedInvoiceGeneration"/>
  <testcase name="FixedInvoiceGenerationWithDates" time="174.251" classname="myfinance.FixedInvoiceGeneration"/>
  <testcase name="GenerateFixedInvoicenoForTenant" time="154.946" classname="myfinance.FixedInvoiceGeneration"/>
  <testcase name="writeVoucherno" time="4.048" classname="myfinance.FixedInvoiceGeneration"/>
  <testcase name="writeVoucherno" time="4.100" classname="myfinance.FixedInvoiceGeneration"/>
  <testcase name="GenerateFixedInvoicenoNegativeTestingwriteVoucherno" time="73.775" classname="myfinance.FixedInvoiceGeneration"/>
  <testcase name="ReverseInvoice" time="137.268" classname="myfinance.FixedInvoiceGeneration"/>
  <testcase name="ManualChecking" time="4.002" classname="myfinance.FixedInvoiceGeneration"/>
</testsuite> <!-- myfinance.FixedInvoiceGeneration -->
