<?xml version="1.0" encoding="UTF-8"?>
<!-- Generated by org.testng.reporters.JUnitReportReporter -->
<testsuite skipped="0" hostname="IMA-PC" name="myfinance.PaymentForTheFacilityWhichIsBookedFor1000" tests="4" failures="0" timestamp="11 Dec 2017 10:18:45 GMT" time="179.527" errors="0">
  <testcase name="ScriptName" time="0.011" classname="myfinance.PaymentForTheFacilityWhichIsBookedFor1000"/>
  <testcase name="Login" time="45.697" classname="myfinance.PaymentForTheFacilityWhichIsBookedFor1000"/>
  <testcase name="PaymentForFacilityBooked" time="133.816" classname="myfinance.PaymentForTheFacilityWhichIsBookedFor1000"/>
  <testcase name="ManualChecking" time="0.003" classname="myfinance.PaymentForTheFacilityWhichIsBookedFor1000"/>
</testsuite> <!-- myfinance.PaymentForTheFacilityWhichIsBookedFor1000 -->
