<?xml version="1.0" encoding="UTF-8"?>
<!-- Generated by org.testng.reporters.JUnitReportReporter -->
<testsuite skipped="0" hostname="IMA-PC" name="myfinance.PaymentForFixedInvoiceSimulation" tests="2" failures="0" timestamp="13 Dec 2017 06:30:55 GMT" time="121.399" errors="0">
  <testcase name="ScriptName" time="42.175" classname="myfinance.PaymentForFixedInvoiceSimulation"/>
  <testcase name="payment" time="79.224" classname="myfinance.PaymentForFixedInvoiceSimulation"/>
</testsuite> <!-- myfinance.PaymentForFixedInvoiceSimulation -->
