<?xml version="1.0" encoding="UTF-8"?>
<!-- Generated by org.testng.reporters.JUnitReportReporter -->
<testsuite hostname="ItsmyAccount-PC" name="dashboard.AdminSocietyinventoryissues" tests="4" failures="0" timestamp="6 Nov 2017 08:15:01 GMT" time="183.334" errors="0">
  <testcase name="Login" time="21.503" classname="dashboard.AdminSocietyinventoryissues"/>
  <testcase name="SocietyInventoryIssues" time="140.239" classname="dashboard.AdminSocietyinventoryissues"/>
  <testcase name="Export" time="21.590" classname="dashboard.AdminSocietyinventoryissues"/>
  <testcase name="Results" time="0.002" classname="dashboard.AdminSocietyinventoryissues"/>
</testsuite> <!-- dashboard.AdminSocietyinventoryissues -->
