<?xml version="1.0" encoding="UTF-8"?>
<!-- Generated by org.testng.reporters.JUnitReportReporter -->
<testsuite hostname="ItsmyAccount-PC" name="dashboard.FAQ" tests="2" failures="0" timestamp="6 Nov 2017 06:19:32 GMT" time="41.648" errors="0">
  <testcase name="FrequentlyAskedQuestions" time="29.319" classname="dashboard.FAQ"/>
  <testcase name="Login" time="12.329" classname="dashboard.FAQ"/>
</testsuite> <!-- dashboard.FAQ -->
