<?xml version="1.0" encoding="UTF-8"?>
<!-- Generated by org.testng.reporters.JUnitReportReporter -->
<testsuite skipped="0" hostname="IMA-PC" name="myfinance.FilterDatesInFinanceVouchers" tests="2" failures="0" timestamp="11 Dec 2017 07:27:20 GMT" time="101.665" errors="0">
  <testcase name="Login" time="45.857" classname="myfinance.FilterDatesInFinanceVouchers"/>
  <testcase name="period" time="55.808" classname="myfinance.FilterDatesInFinanceVouchers"/>
</testsuite> <!-- myfinance.FilterDatesInFinanceVouchers -->
