<?xml version="1.0" encoding="UTF-8"?>
<!-- Generated by org.testng.reporters.JUnitReportReporter -->
<testsuite skipped="0" hostname="IMA-PC" name="myfinance.AdvancePaymentGeneral" tests="4" failures="0" timestamp="11 Dec 2017 11:24:21 GMT" time="158.926" errors="0">
  <testcase name="ScriptName" time="0.006" classname="myfinance.AdvancePaymentGeneral"/>
  <testcase name="Login" time="38.114" classname="myfinance.AdvancePaymentGeneral"/>
  <testcase name="advance" time="120.804" classname="myfinance.AdvancePaymentGeneral"/>
  <testcase name="ManualChecking" time="0.002" classname="myfinance.AdvancePaymentGeneral"/>
</testsuite> <!-- myfinance.AdvancePaymentGeneral -->
