<?xml version="1.0" encoding="UTF-8"?>
<!-- Generated by org.testng.reporters.JUnitReportReporter -->
<testsuite hostname="ItsmyAccount-PC" name="dashboard.Membercomplaints" tests="5" failures="0" timestamp="6 Nov 2017 08:43:12 GMT" time="211.746" errors="0">
  <testcase name="EditAndDeleteComplaint" time="81.158" classname="dashboard.Membercomplaints"/>
  <testcase name="Results" time="0.001" classname="dashboard.Membercomplaints"/>
  <testcase name="SearchByCategory" time="24.298" classname="dashboard.Membercomplaints"/>
  <testcase name="Login" time="29.917" classname="dashboard.Membercomplaints"/>
  <testcase name="AddComplaints" time="76.372" classname="dashboard.Membercomplaints"/>
</testsuite> <!-- dashboard.Membercomplaints -->
