<?xml version="1.0" encoding="UTF-8"?>
<!-- Generated by org.testng.reporters.JUnitReportReporter -->
<testsuite hostname="ItsmyAccount-PC" name="MyFacilities.CreateFacilityWithFreeNoBookingAllowed" tests="3" failures="0" timestamp="14 Oct 2017 04:29:57 GMT" time="201.872" errors="0">
  <testcase name="AddFacilityAfterDelete" time="52.743" classname="MyFacilities.CreateFacilityWithFreeNoBookingAllowed"/>
  <testcase name="EditAndDeleteFacility" time="68.039" classname="MyFacilities.CreateFacilityWithFreeNoBookingAllowed"/>
  <testcase name="AddFacility" time="81.090" classname="MyFacilities.CreateFacilityWithFreeNoBookingAllowed"/>
</testsuite> <!-- MyFacilities.CreateFacilityWithFreeNoBookingAllowed -->
