<?xml version="1.0" encoding="UTF-8"?>
<!-- Generated by org.testng.reporters.JUnitReportReporter -->
<testsuite skipped="0" hostname="IMA-PC" name="myfinance.IncomeAndExpenditure" tests="2" failures="0" timestamp="11 Dec 2017 07:07:51 GMT" time="89.175" errors="0">
  <testcase name="Login" time="39.866" classname="myfinance.IncomeAndExpenditure"/>
  <testcase name="Income" time="49.309" classname="myfinance.IncomeAndExpenditure"/>
</testsuite> <!-- myfinance.IncomeAndExpenditure -->
