<?xml version="1.0" encoding="UTF-8"?>
<!-- Generated by org.testng.reporters.JUnitReportReporter -->
<testsuite hostname="ItsmyAccount-PC" name="dashboard.MemberSocietyAssests" tests="3" failures="0" timestamp="3 Nov 2017 12:26:03 GMT" time="57.972" errors="0">
  <testcase name="MemberAssests" time="40.550" classname="dashboard.MemberSocietyAssests"/>
  <testcase name="Results" time="0.001" classname="dashboard.MemberSocietyAssests"/>
  <testcase name="Login" time="17.421" classname="dashboard.MemberSocietyAssests"/>
</testsuite> <!-- dashboard.MemberSocietyAssests -->
