<?xml version="1.0" encoding="UTF-8"?>
<!-- Generated by org.testng.reporters.JUnitReportReporter -->
<testsuite skipped="0" hostname="IMA-PC" name="myfinance.PartialpaymentForVariableInvoiceFullPaymentForFacility" tests="4" failures="0" timestamp="10 Dec 2017 09:34:40 GMT" time="128.657" errors="0">
  <testcase name="ScriptName" time="4.007" classname="myfinance.PartialpaymentForVariableInvoiceFullPaymentForFacility"/>
  <testcase name="Login" time="41.114" classname="myfinance.PartialpaymentForVariableInvoiceFullPaymentForFacility"/>
  <testcase name="partial" time="83.533" classname="myfinance.PartialpaymentForVariableInvoiceFullPaymentForFacility"/>
  <testcase name="ManualChecking" time="0.003" classname="myfinance.PartialpaymentForVariableInvoiceFullPaymentForFacility"/>
</testsuite> <!-- myfinance.PartialpaymentForVariableInvoiceFullPaymentForFacility -->
