<?xml version="1.0" encoding="UTF-8"?>
<!-- Generated by org.testng.reporters.JUnitReportReporter -->
<testsuite skipped="0" hostname="IMA-PC" name="myfinance.CreateEditDeleteGLAccount" tests="3" failures="0" timestamp="10 Dec 2017 10:03:39 GMT" time="143.442" errors="0">
  <testcase name="ScriptName" time="39.383" classname="myfinance.CreateEditDeleteGLAccount"/>
  <testcase name="CreateGL" time="87.371" classname="myfinance.CreateEditDeleteGLAccount"/>
  <testcase name="DeleteGL" time="16.688" classname="myfinance.CreateEditDeleteGLAccount"/>
</testsuite> <!-- myfinance.CreateEditDeleteGLAccount -->
