<?xml version="1.0" encoding="UTF-8"?>
<!-- Generated by org.testng.reporters.JUnitReportReporter -->
<testsuite hostname="ItsmyAccount-PC" name="dashboard.AdminSocietyMeetingCalendarWithoutSms" tests="5" failures="0" timestamp="6 Nov 2017 07:18:44 GMT" time="186.970" errors="0">
  <testcase name="BooingWithSameDetailsWithoutSms" time="63.864" classname="dashboard.AdminSocietyMeetingCalendarWithoutSms"/>
  <testcase name="Results" time="0.005" classname="dashboard.AdminSocietyMeetingCalendarWithoutSms"/>
  <testcase name="Login" time="21.115" classname="dashboard.AdminSocietyMeetingCalendarWithoutSms"/>
  <testcase name="CancelMeeting" time="35.337" classname="dashboard.AdminSocietyMeetingCalendarWithoutSms"/>
  <testcase name="WithoutSmsAndEnableEmail" time="66.649" classname="dashboard.AdminSocietyMeetingCalendarWithoutSms"/>
</testsuite> <!-- dashboard.AdminSocietyMeetingCalendarWithoutSms -->
