<?xml version="1.0" encoding="UTF-8"?>
<!-- Generated by org.testng.reporters.JUnitReportReporter -->
<testsuite hostname="ItsmyAccount-PC" name="dashboard.ResetPassword" tests="1" failures="0" timestamp="16 Nov 2017 12:17:38 GMT" time="192.775" errors="0">
  <testcase name="PasswordReset" time="192.775" classname="dashboard.ResetPassword"/>
</testsuite> <!-- dashboard.ResetPassword -->
