<?xml version="1.0" encoding="UTF-8"?>
<!-- Generated by org.testng.reporters.JUnitReportReporter -->
<testsuite hostname="ItsmyAccount-PC" name="dashboard.ManageMembers" tests="5" failures="0" timestamp="6 Nov 2017 04:58:21 GMT" time="197.407" errors="0">
  <testcase name="CreateNewMember" time="81.692" classname="dashboard.ManageMembers"/>
  <testcase name="EditManagMemberDetails" time="46.428" classname="dashboard.ManageMembers"/>
  <testcase name="DetailsOfScreenShots" time="0.003" classname="dashboard.ManageMembers"/>
  <testcase name="MoveOut" time="56.220" classname="dashboard.ManageMembers"/>
  <testcase name="Login" time="13.064" classname="dashboard.ManageMembers"/>
</testsuite> <!-- dashboard.ManageMembers -->
