<?xml version="1.0" encoding="UTF-8"?>
<!-- Generated by org.testng.reporters.JUnitReportReporter -->
<testsuite skipped="0" hostname="IMA-PC" name="myfinance.AddEditDeleteLedgerGroup" tests="2" failures="0" timestamp="11 Dec 2017 06:31:11 GMT" time="128.732" errors="0">
  <testcase name="ScriptName" time="39.549" classname="myfinance.AddEditDeleteLedgerGroup"/>
  <testcase name="Creategroup" time="89.183" classname="myfinance.AddEditDeleteLedgerGroup"/>
</testsuite> <!-- myfinance.AddEditDeleteLedgerGroup -->
