<?xml version="1.0" encoding="UTF-8"?>
<!-- Generated by org.testng.reporters.JUnitReportReporter -->
<testsuite hostname="ItsmyAccount-PC" name="dashboard.Membercurrentevents" tests="5" failures="0" timestamp="6 Nov 2017 07:29:44 GMT" time="35.396" errors="0">
  <testcase name="Search" time="0.040" classname="dashboard.Membercurrentevents"/>
  <testcase name="Results" time="0.002" classname="dashboard.Membercurrentevents"/>
  <testcase name="MemberCurrentEvents" time="7.718" classname="dashboard.Membercurrentevents"/>
  <testcase name="Export" time="11.209" classname="dashboard.Membercurrentevents"/>
  <testcase name="Login" time="16.427" classname="dashboard.Membercurrentevents"/>
</testsuite> <!-- dashboard.Membercurrentevents -->
