<?xml version="1.0" encoding="UTF-8"?>
<!-- Generated by org.testng.reporters.JUnitReportReporter -->
<testsuite hostname="ItsmyAccount-PC" name="dashboard.CreateCommitments" tests="3" failures="0" timestamp="14 Oct 2017 04:18:40 GMT" time="200.242" errors="0">
  <testcase name="CreateCommitment" time="176.651" classname="dashboard.CreateCommitments"/>
  <testcase name="Result" time="0.002" classname="dashboard.CreateCommitments"/>
  <testcase name="Login" time="23.589" classname="dashboard.CreateCommitments"/>
</testsuite> <!-- dashboard.CreateCommitments -->
