<?xml version="1.0" encoding="UTF-8"?>
<!-- Generated by org.testng.reporters.JUnitReportReporter -->
<testsuite hostname="ItsmyAccount-PC" name="dashboard.AdminAttendanceRegister" tests="5" failures="0" timestamp="3 Nov 2017 10:43:42 GMT" time="78.935" errors="0">
  <testcase name="AttendanceRegister" time="28.116" classname="dashboard.AdminAttendanceRegister"/>
  <testcase name="AddAttendanceToMembers" time="21.406" classname="dashboard.AdminAttendanceRegister"/>
  <testcase name="Results" time="0.001" classname="dashboard.AdminAttendanceRegister"/>
  <testcase name="Login" time="18.703" classname="dashboard.AdminAttendanceRegister"/>
  <testcase name="Export" time="10.709" classname="dashboard.AdminAttendanceRegister"/>
</testsuite> <!-- dashboard.AdminAttendanceRegister -->
