<?xml version="1.0" encoding="UTF-8"?>
<!-- Generated by org.testng.reporters.JUnitReportReporter -->
<testsuite hostname="ItsmyAccount-PC" name="dashboard.Errornotifications" tests="2" failures="0" timestamp="6 Nov 2017 06:17:41 GMT" time="23.201" errors="0">
  <testcase name="ErrorNotifications" time="8.259" classname="dashboard.Errornotifications"/>
  <testcase name="Login" time="14.942" classname="dashboard.Errornotifications"/>
</testsuite> <!-- dashboard.Errornotifications -->
