<?xml version="1.0" encoding="UTF-8"?>
<!-- Generated by org.testng.reporters.JUnitReportReporter -->
<testsuite skipped="0" hostname="IMA-PC" name="myfinance.ManualPostingInFinanceVouchers" tests="4" failures="0" timestamp="10 Dec 2017 10:13:17 GMT" time="170.313" errors="0">
  <testcase name="Scriptname" time="4.008" classname="myfinance.ManualPostingInFinanceVouchers"/>
  <testcase name="Login" time="41.458" classname="myfinance.ManualPostingInFinanceVouchers"/>
  <testcase name="Manualposting" time="124.842" classname="myfinance.ManualPostingInFinanceVouchers"/>
  <testcase name="ManualChecking" time="0.005" classname="myfinance.ManualPostingInFinanceVouchers"/>
</testsuite> <!-- myfinance.ManualPostingInFinanceVouchers -->
