<?xml version="1.0" encoding="UTF-8"?>
<!-- Generated by org.testng.reporters.JUnitReportReporter -->
<testsuite hostname="ItsmyAccount-PC" name="dashboard.MemberContactIMAHelpDesk" tests="3" failures="0" timestamp="6 Nov 2017 09:55:58 GMT" time="125.314" errors="0">
  <testcase name="ContactIMA" time="19.275" classname="dashboard.MemberContactIMAHelpDesk"/>
  <testcase name="SendMailWithoutAttachMent" time="33.940" classname="dashboard.MemberContactIMAHelpDesk"/>
  <testcase name="SendMailWithAttachment" time="72.099" classname="dashboard.MemberContactIMAHelpDesk"/>
</testsuite> <!-- dashboard.MemberContactIMAHelpDesk -->
