<?xml version="1.0" encoding="UTF-8"?>
<!-- Generated by org.testng.reporters.JUnitReportReporter -->
<testsuite skipped="5" hostname="IMA-PC" name="dashboard.AdminPDC" tests="6" failures="0" timestamp="09 Dec 2017 09:43:06 GMT" time="23.882" errors="0">
  <testcase name="Login" time="23.882" classname="dashboard.AdminPDC"/>
  <testcase name="AddPdc" time="0.000" classname="dashboard.AdminPDC">
    <skipped/>
  </testcase> <!-- AddPdc -->
  <testcase name="EditPdc" time="0.000" classname="dashboard.AdminPDC">
    <skipped/>
  </testcase> <!-- EditPdc -->
  <testcase name="DeletePDC" time="0.000" classname="dashboard.AdminPDC">
    <skipped/>
  </testcase> <!-- DeletePDC -->
  <testcase name="Export" time="0.000" classname="dashboard.AdminPDC">
    <skipped/>
  </testcase> <!-- Export -->
  <testcase name="Results" time="0.000" classname="dashboard.AdminPDC">
    <skipped/>
  </testcase> <!-- Results -->
</testsuite> <!-- dashboard.AdminPDC -->
