<?xml version="1.0" encoding="UTF-8"?>
<!-- Generated by org.testng.reporters.JUnitReportReporter -->
<testsuite hostname="ItsmyAccount-PC" name="dashboard.AdminSocietyInVentoryReceipts" tests="4" failures="0" timestamp="6 Nov 2017 08:05:18 GMT" time="160.317" errors="0">
  <testcase name="Login" time="24.242" classname="dashboard.AdminSocietyInVentoryReceipts"/>
  <testcase name="Export" time="23.653" classname="dashboard.AdminSocietyInVentoryReceipts"/>
  <testcase name="AddAndEditReciepts" time="112.420" classname="dashboard.AdminSocietyInVentoryReceipts"/>
  <testcase name="Results" time="0.002" classname="dashboard.AdminSocietyInVentoryReceipts"/>
</testsuite> <!-- dashboard.AdminSocietyInVentoryReceipts -->
