<?xml version="1.0" encoding="UTF-8"?>
<!-- Generated by org.testng.reporters.JUnitReportReporter -->
<testsuite hostname="ItsmyAccount-PC" name="dashboard.AdminSocietyInventoryReports" tests="5" failures="0" timestamp="3 Nov 2017 12:24:34 GMT" time="112.692" errors="0">
  <testcase name="Login" time="31.006" classname="dashboard.AdminSocietyInventoryReports"/>
  <testcase name="Results" time="0.003" classname="dashboard.AdminSocietyInventoryReports"/>
  <testcase name="SocietyInventoryReports" time="25.656" classname="dashboard.AdminSocietyInventoryReports"/>
  <testcase name="LoginAgain" time="19.812" classname="dashboard.AdminSocietyInventoryReports"/>
  <testcase name="GetreportOfPerticularItem" time="36.215" classname="dashboard.AdminSocietyInventoryReports"/>
</testsuite> <!-- dashboard.AdminSocietyInventoryReports -->
