<?xml version="1.0" encoding="UTF-8"?>
<!-- Generated by org.testng.reporters.JUnitReportReporter -->
<testsuite hostname="ItsmyAccount-PC" name="dashboard.Duelist" tests="6" failures="0" timestamp="6 Nov 2017 06:14:26 GMT" time="86.554" errors="0">
  <testcase name="SendMail" time="21.702" classname="dashboard.Duelist"/>
  <testcase name="PDfFormate" time="8.456" classname="dashboard.Duelist"/>
  <testcase name="TotalAmountInDueList" time="10.002" classname="dashboard.Duelist"/>
  <testcase name="SendSMS" time="35.097" classname="dashboard.Duelist"/>
  <testcase name="Login" time="11.296" classname="dashboard.Duelist"/>
  <testcase name="Results" time="0.001" classname="dashboard.Duelist"/>
</testsuite> <!-- dashboard.Duelist -->
