<?xml version="1.0" encoding="UTF-8"?>
<!-- Generated by org.testng.reporters.JUnitReportReporter -->
<testsuite hostname="ItsmyAccount-PC" name="dashboard.MemberSocietyInventory" tests="9" failures="0" timestamp="1 Feb 2017 11:56:03 GMT" time="187.322" errors="0">
  <testcase name="Issues" time="29.821" classname="dashboard.MemberSocietyInventory"/>
  <testcase name="LoginAgain" time="15.361" classname="dashboard.MemberSocietyInventory"/>
  <testcase name="SocietyInventoryReports" time="25.313" classname="dashboard.MemberSocietyInventory"/>
  <testcase name="MigratedItems" time="14.840" classname="dashboard.MemberSocietyInventory"/>
  <testcase name="Reciepts" time="10.699" classname="dashboard.MemberSocietyInventory"/>
  <testcase name="LoginToGetSelectedItemsReports" time="23.888" classname="dashboard.MemberSocietyInventory"/>
  <testcase name="GetreportOfGivenItem" time="36.068" classname="dashboard.MemberSocietyInventory"/>
  <testcase name="Login" time="31.329" classname="dashboard.MemberSocietyInventory"/>
  <testcase name="Results" time="0.003" classname="dashboard.MemberSocietyInventory"/>
</testsuite> <!-- dashboard.MemberSocietyInventory -->
