<?xml version="1.0" encoding="UTF-8"?>
<!-- Generated by org.testng.reporters.JUnitReportReporter -->
<testsuite hostname="ItsmyAccount-PC" name="dashboard.MemberPersonalDocuments" tests="3" failures="0" timestamp="6 Nov 2017 09:34:04 GMT" time="185.021" errors="0">
  <testcase name="Login" time="38.255" classname="dashboard.MemberPersonalDocuments"/>
  <testcase name="Results" time="0.001" classname="dashboard.MemberPersonalDocuments"/>
  <testcase name="MyPersonalDocuments" time="146.765" classname="dashboard.MemberPersonalDocuments"/>
</testsuite> <!-- dashboard.MemberPersonalDocuments -->
