<?xml version="1.0" encoding="UTF-8"?>
<!-- Generated by org.testng.reporters.JUnitReportReporter -->
<testsuite skipped="0" hostname="IMA-PC" name="dashboard.MemberMyResidents" tests="2" failures="0" timestamp="11 Dec 2017 11:05:59 GMT" time="68.637" errors="0">
  <testcase name="Login" time="32.745" classname="dashboard.MemberMyResidents"/>
  <testcase name="SendSMS" time="35.892" classname="dashboard.MemberMyResidents"/>
</testsuite> <!-- dashboard.MemberMyResidents -->
