<?xml version="1.0" encoding="UTF-8"?>
<!-- Generated by org.testng.reporters.JUnitReportReporter -->
<testsuite skipped="0" hostname="IMA-PC" name="myfinance.ReversalOfFacilityAdvance" tests="4" failures="0" timestamp="11 Dec 2017 12:01:08 GMT" time="86.298" errors="0">
  <testcase name="ScriptName" time="0.008" classname="myfinance.ReversalOfFacilityAdvance"/>
  <testcase name="Login" time="44.056" classname="myfinance.ReversalOfFacilityAdvance"/>
  <testcase name="advance" time="42.233" classname="myfinance.ReversalOfFacilityAdvance"/>
  <testcase name="ManualChecking" time="0.001" classname="myfinance.ReversalOfFacilityAdvance"/>
</testsuite> <!-- myfinance.ReversalOfFacilityAdvance -->
