<?xml version="1.0" encoding="UTF-8"?>
<!-- Generated by org.testng.reporters.JUnitReportReporter -->
<testsuite hostname="ItsmyAccount-PC" name="MyFacilities.CreateFacilityWithFreeBookingAllowedFor30Mints" tests="3" failures="0" timestamp="14 Oct 2017 04:39:10 GMT" time="207.633" errors="0">
  <testcase name="EditAndDeleteFacility" time="68.027" classname="MyFacilities.CreateFacilityWithFreeBookingAllowedFor30Mints"/>
  <testcase name="AddFacilityAfterDelete" time="55.296" classname="MyFacilities.CreateFacilityWithFreeBookingAllowedFor30Mints"/>
  <testcase name="AddFacility" time="84.310" classname="MyFacilities.CreateFacilityWithFreeBookingAllowedFor30Mints"/>
</testsuite> <!-- MyFacilities.CreateFacilityWithFreeBookingAllowedFor30Mints -->
