<?xml version="1.0" encoding="UTF-8"?>
<!-- Generated by org.testng.reporters.JUnitReportReporter -->
<testsuite hostname="ItsmyAccount-PC" name="dashboard.MemberMyAccount" tests="2" failures="0" timestamp="6 Nov 2017 09:19:24 GMT" time="92.854" errors="0">
  <testcase name="Results" time="0.003" classname="dashboard.MemberMyAccount"/>
  <testcase name="MyAccount" time="92.851" classname="dashboard.MemberMyAccount"/>
</testsuite> <!-- dashboard.MemberMyAccount -->
