<?xml version="1.0" encoding="UTF-8"?>
<!-- Generated by org.testng.reporters.JUnitReportReporter -->
<testsuite hostname="ItsmyAccount-PC" name="dashboard.KeyMemberDetails" tests="2" failures="0" timestamp="17 Nov 2017 11:11:54 GMT" time="41.281" errors="0">
  <testcase name="KeyMemberDetailsInApplication" time="28.824" classname="dashboard.KeyMemberDetails"/>
  <testcase name="Login" time="12.457" classname="dashboard.KeyMemberDetails"/>
</testsuite> <!-- dashboard.KeyMemberDetails -->
