<?xml version="1.0" encoding="UTF-8"?>
<!-- Generated by org.testng.reporters.JUnitReportReporter -->
<testsuite skipped="0" hostname="IMA-PC" name="myfinance.ManualPostingInFinanaceVouchersForPreviousYearDate" tests="4" failures="0" timestamp="10 Dec 2017 11:52:56 GMT" time="167.339" errors="0">
  <testcase name="Scriptname" time="4.010" classname="myfinance.ManualPostingInFinanaceVouchersForPreviousYearDate"/>
  <testcase name="Login" time="39.391" classname="myfinance.ManualPostingInFinanaceVouchersForPreviousYearDate"/>
  <testcase name="ManualVoucherForNexfinancialyear" time="123.935" classname="myfinance.ManualPostingInFinanaceVouchersForPreviousYearDate"/>
  <testcase name="ManualChecking" time="0.003" classname="myfinance.ManualPostingInFinanaceVouchersForPreviousYearDate"/>
</testsuite> <!-- myfinance.ManualPostingInFinanaceVouchersForPreviousYearDate -->
