<?xml version="1.0" encoding="UTF-8"?>
<!-- Generated by org.testng.reporters.JUnitReportReporter -->
<testsuite hostname="ItsmyAccount-PC" name="dashboard.HidingMailAndContactOfCommitteeMember" tests="1" failures="0" timestamp="6 Nov 2017 05:08:54 GMT" time="97.023" errors="0">
  <testcase name="HidingMail" time="97.023" classname="dashboard.HidingMailAndContactOfCommitteeMember"/>
</testsuite> <!-- dashboard.HidingMailAndContactOfCommitteeMember -->
