<?xml version="1.0" encoding="UTF-8"?>
<!-- Generated by org.testng.reporters.JUnitReportReporter -->
<testsuite skipped="0" hostname="IMA-PC" name="myfinance.ReversalOffacilityAdvanceSimulation" tests="3" failures="0" timestamp="13 Dec 2017 05:57:55 GMT" time="60.835" errors="0">
  <testcase name="ScriptName" time="0.009" classname="myfinance.ReversalOffacilityAdvanceSimulation"/>
  <testcase name="login" time="39.936" classname="myfinance.ReversalOffacilityAdvanceSimulation"/>
  <testcase name="advance" time="20.890" classname="myfinance.ReversalOffacilityAdvanceSimulation"/>
</testsuite> <!-- myfinance.ReversalOffacilityAdvanceSimulation -->
