<?xml version="1.0" encoding="UTF-8"?>
<!-- Generated by org.testng.reporters.JUnitReportReporter -->
<testsuite hostname="ItsmyAccount-PC" name="dashboard.AdminCurrentevents" tests="4" failures="0" timestamp="6 Nov 2017 07:28:30 GMT" time="130.615" errors="0">
  <testcase name="login" time="12.805" classname="dashboard.AdminCurrentevents"/>
  <testcase name="Results" time="0.002" classname="dashboard.AdminCurrentevents"/>
  <testcase name="AddEvent" time="108.843" classname="dashboard.AdminCurrentevents"/>
  <testcase name="Export" time="8.965" classname="dashboard.AdminCurrentevents"/>
</testsuite> <!-- dashboard.AdminCurrentevents -->
